<?xml version="1.0" encoding="UTF-8"?>
<!-- Generated by org.testng.reporters.JUnitReportReporter -->
<testsuite skipped="0" hostname="LAPTOP-8PV5OBQH" name="tests.FourTest" tests="1" failures="0" timestamp="2021-10-25T06:05:13 IST" time="11.266" errors="0">
  <testcase name="fourTest" time="11.266" classname="tests.FourTest"/>
  <system-out/>
</testsuite> <!-- tests.FourTest -->
