<?xml version="1.0" encoding="UTF-8"?>
<!-- Generated by org.testng.reporters.JUnitReportReporter -->
<testsuite skipped="0" hostname="LAPTOP-8PV5OBQH" name="tests.LoginTest" tests="1" failures="0" timestamp="2021-10-25T06:05:13 IST" time="10.361" errors="0">
  <testcase name="login" time="10.361" classname="tests.LoginTest"/>
  <system-out/>
</testsuite> <!-- tests.LoginTest -->
