<?xml version="1.0" encoding="UTF-8"?>
<!-- Generated by org.testng.reporters.JUnitReportReporter -->
<testsuite skipped="0" hostname="LAPTOP-8PV5OBQH" name="tests.LoginTest" tests="2" failures="0" timestamp="2021-10-23T14:33:55 IST" time="29.841" errors="0">
  <testcase name="login" time="20.043" classname="tests.LoginTest"/>
  <system-out/>
  <testcase name="login" time="9.798" classname="tests.LoginTest"/>
  <system-out/>
</testsuite> <!-- tests.LoginTest -->
