<?xml version="1.0" encoding="UTF-8"?>
<!-- Generated by org.testng.reporters.JUnitReportReporter -->
<testsuite skipped="0" hostname="LAPTOP-8PV5OBQH" name="tests.TwoTest" tests="1" failures="0" timestamp="2021-10-23T14:33:55 IST" time="0.000" errors="0">
  <testcase name="twoTest" time="0.000" classname="tests.TwoTest"/>
  <system-out/>
</testsuite> <!-- tests.TwoTest -->
