<?xml version="1.0" encoding="UTF-8"?>
<!-- Generated by org.testng.reporters.JUnitReportReporter -->
<testsuite skipped="0" hostname="LAPTOP-8PV5OBQH" name="tests.ThreeTest" tests="1" failures="0" timestamp="2021-10-23T14:33:55 IST" time="0.001" errors="0">
  <testcase name="threeTest" time="0.001" classname="tests.ThreeTest"/>
  <system-out/>
</testsuite> <!-- tests.ThreeTest -->
